
Covariance Matrix: 
[[  3.93512100e-06   2.65228092e-07   1.51028617e-07   2.16469671e-07
    3.38386635e-07   3.29002469e-07   6.32037989e-08  -1.21574815e-08
    1.76617000e-07   1.34157626e-07   8.57121806e-08   3.52259230e-08
    1.00480985e-07   5.12280022e-08   9.90020583e-08   6.19373073e-08
    5.06638268e-08   3.57612217e-08   2.76017199e-08   4.04049843e-08
    2.73440266e-08   1.09358024e-08   1.23699127e-08   8.85420777e-09
    1.55909907e-09   1.39647469e-09  -6.44203775e-11   3.95345617e-09]
 [  2.65228092e-07   6.31360348e-06   1.15546556e-07   7.00316979e-08
    2.99290523e-07   1.62912175e-07  -6.23965220e-08   1.82659366e-07
    7.29561568e-08   9.05332858e-08   1.53456696e-07   9.03779057e-08
    6.65914948e-08   3.45636012e-08   9.83095944e-08   7.22727087e-08
    4.53091154e-08   1.19048930e-08   5.31108902e-09   3.51619585e-08
    1.17617746e-09  -7.01184293e-09   2.03444117e-08   2.56173754e-08
    6.11284204e-09   3.45563952e-09   4.72630742e-09   4.15305951e-09]
 [  1.51028617e-07   1.15546556e-07   3.61592906e-06   2.62225826e-07
    3.16705283e-07   2.93293507e-07   9.50553270e-08   7.74924551e-08
    5.37327516e-08   2.91444582e-08   9.78493872e-08   1.34524279e-07
    7.56416138e-08   4.34690727e-08   5.84762459e-08   6.43230355e-08
    4.67364936e-08   3.20621733e-08   4.71677052e-08   3.80789723e-08
    1.79403490e-08   1.57755769e-08   1.65424257e-08   8.31404123e-09
    9.84995263e-09   5.54070740e-09   3.02736605e-09   5.89569413e-09]
 [  2.16469671e-07   7.00316979e-08   2.62225826e-07   5.17707174e-06
    4.25286207e-07   3.45511906e-07   2.16905161e-07   8.74315794e-08
    2.72100779e-07   1.21555986e-08   9.30518836e-08   1.75597642e-09
    1.29123030e-07   6.36118856e-08   1.65743060e-07   1.10821824e-07
    1.07045757e-07   6.73569187e-08   5.70563637e-08   4.13424289e-08
    3.89189317e-08   4.25188705e-08   3.38676334e-08   1.87613330e-08
    1.41311791e-08   1.48452201e-08   1.00095672e-08   9.63494767e-09]
 [  3.38386635e-07   2.99290523e-07   3.16705283e-07   4.25286207e-07
    3.01012438e-06   3.15315327e-07   9.13663134e-09   2.27659946e-07
    1.87084447e-07   1.42764059e-07   1.35243481e-07   8.69467247e-08
    1.07214770e-07   1.21857976e-07   9.42520477e-08   6.34665921e-08
    6.45164171e-08   4.31737866e-08   4.15999182e-08   3.20761238e-08
    2.73401572e-08   1.59871954e-08   2.27029485e-08   1.21188439e-08
    7.75123996e-09   7.27984515e-09   4.72409849e-09   6.31361663e-09]
 [  3.29002469e-07   1.62912175e-07   2.93293507e-07   3.45511906e-07
    3.15315327e-07   2.81867888e-06   4.70618214e-08   7.09769857e-08
    1.32073752e-07   3.49662964e-08   8.34438056e-08   4.70878743e-08
    8.97354295e-08   7.54132870e-08   9.10430864e-08   4.38106144e-08
    5.60878602e-08   2.65489996e-08   4.20383606e-08   3.52145991e-08
    1.90077889e-08   2.46910800e-08   1.22842937e-08   1.27623441e-08
    6.90362650e-09   8.70158227e-09   6.55475765e-09   6.43052057e-09]
 [  6.32037989e-08  -6.23965220e-08   9.50553270e-08   2.16905161e-07
    9.13663134e-09   4.70618214e-08   1.47292300e-06   2.67351129e-07
    1.02123347e-07   7.18365415e-08   2.51138088e-08   5.66063985e-08
    8.81608722e-08   6.08287387e-08   3.03438245e-08   3.27826749e-08
    4.12877071e-08   5.02727244e-08   2.53467179e-08   1.23373496e-08
    1.48553252e-08   4.94046974e-09   6.03454569e-09   3.48559280e-09
    3.50324722e-09   2.88941796e-09   2.15024522e-09   2.94132203e-09]
 [ -1.21574815e-08   1.82659366e-07   7.74924551e-08   8.74315794e-08
    2.27659946e-07   7.09769857e-08   2.67351129e-07   2.57757215e-06
    2.27911455e-07   1.38615967e-07   6.70444185e-08   1.42585370e-07
    1.32185935e-07   6.74653150e-08   7.31009625e-08   3.41596024e-08
    4.12470754e-08   6.80269640e-08   3.02716426e-08   3.40924014e-08
    1.13987511e-08   1.96584651e-08   1.68821713e-08   1.42733086e-08
    8.87248138e-09   8.39181080e-09   2.74323925e-09   4.98165016e-09]
 [  1.76617000e-07   7.29561568e-08   5.37327516e-08   2.72100779e-07
    1.87084447e-07   1.32073752e-07   1.02123347e-07   2.27911455e-07
    9.10979355e-07   1.22261963e-07   5.69356644e-08   8.04533753e-08
    7.26094543e-08   3.30090047e-08   4.24934743e-08   4.55141987e-08
    5.08407396e-08   3.28962937e-08   3.22404554e-08   2.57848506e-08
    1.27892237e-08   1.00279363e-08   1.00381878e-08   6.85379392e-09
    2.32568400e-09   4.67670546e-09   2.59063768e-09   3.09539296e-09]
 [  1.34157626e-07   9.05332858e-08   2.91444582e-08   1.21555986e-08
    1.42764059e-07   3.49662964e-08   7.18365415e-08   1.38615967e-07
    1.22261963e-07   7.61274867e-07   1.01446154e-07   4.96844818e-08
    6.76366057e-08   4.35025223e-08   5.53756215e-08   3.12914691e-08
    2.75357587e-08   2.59103286e-08   2.25870187e-08   1.03543194e-08
    1.32004822e-08   8.33718732e-09   8.01541565e-09   6.22667826e-09
    3.45333650e-09   5.71190582e-09   1.46577649e-09   2.77685648e-09]
 [  8.57121806e-08   1.53456696e-07   9.78493872e-08   9.30518836e-08
    1.35243481e-07   8.34438056e-08   2.51138088e-08   6.70444185e-08
    5.69356644e-08   1.01446154e-07   6.50770282e-07   9.93845767e-08
    5.16483284e-08   2.51807786e-08   2.25209679e-08   1.95244905e-08
    4.04142358e-08   2.89210571e-08   1.51923117e-08   1.41246697e-08
    1.31522569e-08   5.67192365e-09   7.11356193e-09   1.82218997e-09
    2.56858172e-09   2.92553559e-09   1.85471261e-09   1.52321292e-09]
 [  3.52259230e-08   9.03779057e-08   1.34524279e-07   1.75597642e-09
    8.69467247e-08   4.70878743e-08   5.66063985e-08   1.42585370e-07
    8.04533753e-08   4.96844818e-08   9.93845767e-08   5.64805609e-07
    7.21099992e-08   5.45051606e-08   4.23455685e-08   3.74791252e-08
    2.83786888e-08   2.22436885e-08   1.77052052e-08   1.53472408e-08
    1.57542335e-08   7.40625725e-09   5.31295804e-09   6.44756662e-09
    3.58002253e-09   1.62969604e-09   1.58154086e-09   1.75096183e-09]
 [  1.00480985e-07   6.65914948e-08   7.56416138e-08   1.29123030e-07
    1.07214770e-07   8.97354295e-08   8.81608722e-08   1.32185935e-07
    7.26094543e-08   6.76366057e-08   5.16483284e-08   7.21099992e-08
    3.34725593e-07   2.93002062e-08   4.46605662e-08   1.78142250e-08
    2.64772636e-08   2.40505328e-08   1.55466505e-08   1.19644582e-08
    9.70346262e-09   8.41721939e-09   6.86821363e-09   5.26167781e-09
    4.13878968e-09   3.99693107e-09   2.83521287e-09   2.35124757e-09]
 [  5.12280022e-08   3.45636012e-08   4.34690727e-08   6.36118856e-08
    1.21857976e-07   7.54132870e-08   6.08287387e-08   6.74653150e-08
    3.30090047e-08   4.35025223e-08   2.51807786e-08   5.45051606e-08
    2.93002062e-08   2.63698826e-07   3.56105851e-08   1.80033919e-08
    2.71100936e-08   1.80795191e-08   1.42743148e-08   1.59738710e-08
    1.32410913e-08   9.66479315e-09   8.72977790e-09   5.97282576e-09
    5.73618423e-09   4.50533774e-09   3.50633272e-09   2.55938701e-09]
 [  9.90020583e-08   9.83095944e-08   5.84762459e-08   1.65743060e-07
    9.42520477e-08   9.10430864e-08   3.03438245e-08   7.31009625e-08
    4.24934743e-08   5.53756215e-08   2.25209679e-08   4.23455685e-08
    4.46605662e-08   3.56105851e-08   2.04032518e-07   3.30697669e-08
    3.68990528e-08   2.12865344e-08   1.62496387e-08   1.54368031e-08
    1.77269226e-08   1.52854290e-08   1.02475907e-08   8.19631445e-09
    5.70092925e-09   4.04652730e-09   3.10250337e-09   3.57893388e-09]
 [  6.19373073e-08   7.22727087e-08   6.43230355e-08   1.10821824e-07
    6.34665921e-08   4.38106144e-08   3.27826749e-08   3.41596024e-08
    4.55141987e-08   3.12914691e-08   1.95244905e-08   3.74791252e-08
    1.78142250e-08   1.80033919e-08   3.30697669e-08   1.61971117e-07
    2.61427339e-08   2.06834784e-08   1.80046863e-08   1.63515336e-08
    1.41203076e-08   1.01297825e-08   9.41471411e-09   6.27106199e-09
    4.73394557e-09   3.68434099e-09   2.60275119e-09   2.47281574e-09]
 [  5.06638268e-08   4.53091154e-08   4.67364936e-08   1.07045757e-07
    6.45164171e-08   5.60878602e-08   4.12877071e-08   4.12470754e-08
    5.08407396e-08   2.75357587e-08   4.04142358e-08   2.83786888e-08
    2.64772636e-08   2.71100936e-08   3.68990528e-08   2.61427339e-08
    1.07968110e-07   1.96465792e-08   1.76482088e-08   1.43767768e-08
    1.29041525e-08   9.93033114e-09   8.38112702e-09   6.20949767e-09
    3.84067951e-09   3.26512665e-09   1.77312817e-09   2.50424779e-09]
 [  3.57612217e-08   1.19048930e-08   3.20621733e-08   6.73569187e-08
    4.31737866e-08   2.65489996e-08   5.02727244e-08   6.80269640e-08
    3.28962937e-08   2.59103286e-08   2.89210571e-08   2.22436885e-08
    2.40505328e-08   1.80795191e-08   2.12865344e-08   2.06834784e-08
    1.96465792e-08   8.74299384e-08   1.27913853e-08   1.19564167e-08
    1.27090103e-08   1.04823027e-08   9.12059070e-09   5.38240724e-09
    3.78702619e-09   3.54905637e-09   2.15435657e-09   2.49261365e-09]
 [  2.76017199e-08   5.31108902e-09   4.71677052e-08   5.70563637e-08
    4.15999182e-08   4.20383606e-08   2.53467179e-08   3.02716426e-08
    3.22404554e-08   2.25870187e-08   1.51923117e-08   1.77052052e-08
    1.55466505e-08   1.42743148e-08   1.62496387e-08   1.80046863e-08
    1.76482088e-08   1.27913853e-08   6.47189115e-08   9.41663438e-09
    1.12312378e-08   8.78971215e-09   7.47406229e-09   4.80845893e-09
    4.01670879e-09   2.87199383e-09   2.10591872e-09   2.41526960e-09]
 [  4.04049843e-08   3.51619585e-08   3.80789723e-08   4.13424289e-08
    3.20761238e-08   3.52145991e-08   1.23373496e-08   3.40924014e-08
    2.57848506e-08   1.03543194e-08   1.41246697e-08   1.53472408e-08
    1.19644582e-08   1.59738710e-08   1.54368031e-08   1.63515336e-08
    1.43767768e-08   1.19564167e-08   9.41663438e-09   4.08039524e-08
    1.10575725e-08   8.76377373e-09   6.72483219e-09   5.08684651e-09
    3.62891266e-09   2.84994096e-09   1.69804281e-09   1.98036810e-09]
 [  2.73440266e-08   1.17617746e-09   1.79403490e-08   3.89189317e-08
    2.73401572e-08   1.90077889e-08   1.48553252e-08   1.13987511e-08
    1.27892237e-08   1.32004822e-08   1.31522569e-08   1.57542335e-08
    9.70346262e-09   1.32410913e-08   1.77269226e-08   1.41203076e-08
    1.29041525e-08   1.27090103e-08   1.12312378e-08   1.10575725e-08
    2.95031810e-08   8.72870329e-09   7.07959475e-09   5.84560220e-09
    4.07290289e-09   3.42049395e-09   1.93136675e-09   2.35008125e-09]
 [  1.09358024e-08  -7.01184293e-09   1.57755769e-08   4.25188705e-08
    1.59871954e-08   2.46910800e-08   4.94046974e-09   1.96584651e-08
    1.00279363e-08   8.33718732e-09   5.67192365e-09   7.40625725e-09
    8.41721939e-09   9.66479315e-09   1.52854290e-08   1.01297825e-08
    9.93033114e-09   1.04823027e-08   8.78971215e-09   8.76377373e-09
    8.72870329e-09   2.17321196e-08   7.20679625e-09   5.72305737e-09
    4.57230916e-09   3.27752898e-09   2.15545742e-09   2.36506479e-09]
 [  1.23699127e-08   2.03444117e-08   1.65424257e-08   3.38676334e-08
    2.27029485e-08   1.22842937e-08   6.03454569e-09   1.68821713e-08
    1.00381878e-08   8.01541565e-09   7.11356193e-09   5.31295804e-09
    6.86821363e-09   8.72977790e-09   1.02475907e-08   9.41471411e-09
    8.38112702e-09   9.12059070e-09   7.47406229e-09   6.72483219e-09
    7.07959475e-09   7.20679625e-09   1.37897516e-08   5.09814971e-09
    3.90643380e-09   2.99406910e-09   1.89755755e-09   2.12453021e-09]
 [  8.85420777e-09   2.56173754e-08   8.31404123e-09   1.87613330e-08
    1.21188439e-08   1.27623441e-08   3.48559280e-09   1.42733086e-08
    6.85379392e-09   6.22667826e-09   1.82218997e-09   6.44756662e-09
    5.26167781e-09   5.97282576e-09   8.19631445e-09   6.27106199e-09
    6.20949767e-09   5.38240724e-09   4.80845893e-09   5.08684651e-09
    5.84560220e-09   5.72305737e-09   5.09814971e-09   8.39794798e-09
    3.65623866e-09   2.92681610e-09   1.87953806e-09   1.89002074e-09]
 [  1.55909907e-09   6.11284204e-09   9.84995263e-09   1.41311791e-08
    7.75123996e-09   6.90362650e-09   3.50324722e-09   8.87248138e-09
    2.32568400e-09   3.45333650e-09   2.56858172e-09   3.58002253e-09
    4.13878968e-09   5.73618423e-09   5.70092925e-09   4.73394557e-09
    3.84067951e-09   3.78702619e-09   4.01670879e-09   3.62891266e-09
    4.07290289e-09   4.57230916e-09   3.90643380e-09   3.65623866e-09
    4.92926657e-09   2.53508758e-09   1.79431005e-09   1.67273518e-09]
 [  1.39647469e-09   3.45563952e-09   5.54070740e-09   1.48452201e-08
    7.27984515e-09   8.70158227e-09   2.88941796e-09   8.39181080e-09
    4.67670546e-09   5.71190582e-09   2.92553559e-09   1.62969604e-09
    3.99693107e-09   4.50533774e-09   4.04652730e-09   3.68434099e-09
    3.26512665e-09   3.54905637e-09   2.87199383e-09   2.84994096e-09
    3.42049395e-09   3.27752898e-09   2.99406910e-09   2.92681610e-09
    2.53508758e-09   3.10576029e-09   1.68200688e-09   1.44695892e-09]
 [ -6.44203775e-11   4.72630742e-09   3.02736605e-09   1.00095672e-08
    4.72409849e-09   6.55475765e-09   2.15024522e-09   2.74323925e-09
    2.59063768e-09   1.46577649e-09   1.85471261e-09   1.58154086e-09
    2.83521287e-09   3.50633272e-09   3.10250337e-09   2.60275119e-09
    1.77312817e-09   2.15435657e-09   2.10591872e-09   1.69804281e-09
    1.93136675e-09   2.15545742e-09   1.89755755e-09   1.87953806e-09
    1.79431005e-09   1.68200688e-09   1.69471875e-09   1.06085289e-09]
 [  3.95345617e-09   4.15305951e-09   5.89569413e-09   9.63494767e-09
    6.31361663e-09   6.43052057e-09   2.94132203e-09   4.98165016e-09
    3.09539296e-09   2.77685648e-09   1.52321292e-09   1.75096183e-09
    2.35124757e-09   2.55938701e-09   3.57893388e-09   2.47281574e-09
    2.50424779e-09   2.49261365e-09   2.41526960e-09   1.98036810e-09
    2.35008125e-09   2.36506479e-09   2.12453021e-09   1.89002074e-09
    1.67273518e-09   1.44695892e-09   1.06085289e-09   1.25263228e-09]]

Correlation Matrix: 
[[  1.00000000e+00   5.32110495e-02   4.00378041e-02   4.79596405e-02
    9.83200148e-02   9.87864346e-02   2.62527084e-02  -3.81732518e-03
    9.32822879e-02   7.75113986e-02   5.35611191e-02   2.36283740e-02
    8.75508527e-02   5.02891477e-02   1.10488095e-01   7.75808417e-02
    7.77268727e-02   6.09681777e-02   5.46942280e-02   1.00833486e-01
    8.02507317e-02   3.73956051e-02   5.31018152e-02   4.87061804e-02
    1.11944694e-02   1.26319401e-02  -7.88851767e-04   5.63100721e-02]
 [  5.32110495e-02   1.00000000e+00   2.41829013e-02   1.22493745e-02
    6.86534069e-02   3.86182056e-02  -2.04612287e-02   4.52791096e-02
    3.04206878e-02   4.12951345e-02   7.57065291e-02   4.78601573e-02
    4.58074011e-02   2.67871331e-02   8.66178817e-02   7.14688663e-02
    5.48781146e-02   1.60234769e-02   8.30862823e-03   6.92760775e-02
    2.72520878e-03  -1.89296456e-02   6.89490463e-02   1.11252401e-01
    3.46508083e-02   2.46777645e-02   4.56914035e-02   4.67000886e-02]
 [  4.00378041e-02   2.41829013e-02   1.00000000e+00   6.06070883e-02
    9.59959998e-02   9.18691499e-02   4.11885485e-02   2.53830646e-02
    2.96056678e-02   1.75660975e-02   6.37873122e-02   9.41328527e-02
    6.87553307e-02   4.45160198e-02   6.80800456e-02   8.40500145e-02
    7.47994536e-02   5.70233752e-02   9.75032730e-02   9.91343472e-02
    5.49270803e-02   5.62761340e-02   7.40817137e-02   4.77106829e-02
    7.37790465e-02   5.22843001e-02   3.86728491e-02   8.76018331e-02]
 [  4.79596405e-02   1.22493745e-02   6.06070883e-02   1.00000000e+00
    1.07732561e-01   9.04478246e-02   7.85484778e-02   2.39343048e-02
    1.25294909e-01   6.12298946e-03   5.06954779e-02   1.02689748e-03
    9.80882883e-02   5.44430039e-02   1.61266279e-01   1.21022024e-01
    1.43179097e-01   1.00117509e-01   9.85703722e-02   8.99503341e-02
    9.95828148e-02   1.26761854e-01   1.26754836e-01   8.99777254e-02
    8.84596376e-02   1.17074034e-01   1.06862269e-01   1.19645252e-01]
 [  9.83200148e-02   6.86534069e-02   9.59959998e-02   1.07732561e-01
    1.00000000e+00   1.08250537e-01   4.33914196e-03   8.17314101e-02
    1.12977301e-01   9.43096036e-02   9.66296182e-02   6.66824434e-02
    1.06811482e-01   1.36775289e-01   1.20267665e-01   9.08937811e-02
    1.13169727e-01   8.41584704e-02   9.42507149e-02   9.15247484e-02
    9.17433014e-02   6.25070521e-02   1.11432486e-01   7.62223578e-02
    6.36337926e-02   7.52915009e-02   6.61420888e-02   1.02819192e-01]
 [  9.87864346e-02   3.86182056e-02   9.18691499e-02   9.04478246e-02
    1.08250537e-01   1.00000000e+00   2.30970178e-02   2.63323328e-02
    8.24212979e-02   2.38702017e-02   6.16108849e-02   3.73195832e-02
    9.23839837e-02   8.74723858e-02   1.20053404e-01   6.48392160e-02
    1.01671287e-01   5.34804773e-02   9.84254409e-02   1.03836211e-01
    6.59135008e-02   9.97622515e-02   6.23087685e-02   8.29508921e-02
    5.85683965e-02   9.30018236e-02   9.48385754e-02   1.08220997e-01]
 [  2.62527084e-02  -2.04612287e-02   4.11885485e-02   7.85484778e-02
    4.33914196e-03   2.30970178e-02   1.00000000e+00   1.37210259e-01
    8.81618616e-02   6.78398139e-02   2.56512602e-02   6.20620337e-02
    1.25557135e-01   9.76033427e-02   5.53516539e-02   6.71174699e-02
    1.03534000e-01   1.40091670e-01   8.20948866e-02   5.03246465e-02
    7.12619530e-02   2.76138638e-02   4.23424844e-02   3.13400755e-02
    4.11139887e-02   4.27205052e-02   4.30377098e-02   6.84763740e-02]
 [ -3.81732518e-03   4.52791096e-02   2.53830646e-02   2.39343048e-02
    8.17314101e-02   2.63323328e-02   1.37210259e-01   1.00000000e+00
    1.48732703e-01   9.89548527e-02   5.17658509e-02   1.18173487e-01
    1.42309985e-01   8.18315993e-02   1.00801730e-01   5.28674793e-02
    7.81879804e-02   1.43299801e-01   7.41165115e-02   1.05123803e-01
    4.13349517e-02   8.30602335e-02   8.95456854e-02   9.70136065e-02
    7.87133740e-02   9.37921093e-02   4.15058636e-02   8.76710105e-02]
 [  9.32822879e-02   3.04206878e-02   2.96056678e-02   1.25294909e-01
    1.12977301e-01   8.24212979e-02   8.81618616e-02   1.48732703e-01
    1.00000000e+00   1.46813621e-01   7.39462695e-02   1.12160646e-01
    1.31490521e-01   6.73479008e-02   9.85639908e-02   1.18487857e-01
    1.62110014e-01   1.16563510e-01   1.32779582e-01   1.33739359e-01
    7.80109373e-02   7.12699172e-02   8.95618026e-02   7.83592345e-02
    3.47060578e-02   8.79228557e-02   6.59331148e-02   9.16325399e-02]
 [  7.75113986e-02   4.12951345e-02   1.75660975e-02   6.12298946e-03
    9.43096036e-02   2.38702017e-02   6.78398139e-02   9.89548527e-02
    1.46813621e-01   1.00000000e+00   1.44128871e-01   7.57705636e-02
    1.33988214e-01   9.70933742e-02   1.40507069e-01   8.91120467e-02
    9.60458383e-02   1.00431995e-01   1.01758937e-01   5.87488940e-02
    8.80814850e-02   6.48183199e-02   7.82306755e-02   7.78751847e-02
    5.63737598e-02   1.17469826e-01   4.08082705e-02   8.99230212e-02]
 [  5.35611191e-02   7.57065291e-02   6.37873122e-02   5.06954779e-02
    9.66296182e-02   6.16108849e-02   2.56512602e-02   5.17658509e-02
    7.39462695e-02   1.44128871e-01   1.00000000e+00   1.63928942e-01
    1.10661857e-01   6.07856688e-02   6.18049844e-02   6.01377348e-02
    1.52465915e-01   1.21246782e-01   7.40277254e-02   8.66788875e-02
    9.49187488e-02   4.76941898e-02   7.50922364e-02   2.46486538e-02
    4.53511578e-02   6.50740090e-02   5.58488135e-02   5.33500659e-02]
 [  2.36283740e-02   4.78601573e-02   9.41328527e-02   1.02689748e-03
    6.66824434e-02   3.73195832e-02   6.20620337e-02   1.18173487e-01
    1.12160646e-01   7.57705636e-02   1.63928942e-01   1.00000000e+00
    1.65844675e-01   1.41232298e-01   1.24740871e-01   1.23914223e-01
    1.14919856e-01   1.00098419e-01   9.26053040e-02   1.01095003e-01
    1.22043135e-01   6.68495132e-02   6.02016873e-02   9.36180838e-02
    6.78492586e-02   3.89110673e-02   5.11189704e-02   6.58287151e-02]
 [  8.75508527e-02   4.58074011e-02   6.87553307e-02   9.80882883e-02
    1.06811482e-01   9.23839837e-02   1.25557135e-01   1.42309985e-01
    1.31490521e-01   1.33988214e-01   1.10661857e-01   1.65844675e-01
    1.00000000e+00   9.86216169e-02   1.70895281e-01   7.65074425e-02
    1.39277477e-01   1.40588616e-01   1.05627445e-01   1.02375836e-01
    9.76445158e-02   9.86899988e-02   1.01093007e-01   9.92414729e-02
    1.01891451e-01   1.23964757e-01   1.19039857e-01   1.14826493e-01]
 [  5.02891477e-02   2.67871331e-02   4.45160198e-02   5.44430039e-02
    1.36775289e-01   8.74723858e-02   9.76033427e-02   8.18315993e-02
    6.73479008e-02   9.70933742e-02   6.07856688e-02   1.41232298e-01
    9.86216169e-02   1.00000000e+00   1.53523660e-01   8.71126949e-02
    1.60667919e-01   1.19070092e-01   1.09266132e-01   1.53994411e-01
    1.50118861e-01   1.27669578e-01   1.44767433e-01   1.26922658e-01
    1.59102807e-01   1.57430650e-01   1.65863265e-01   1.40821856e-01]
 [  1.10488095e-01   8.66178817e-02   6.80800456e-02   1.61266279e-01
    1.20267665e-01   1.20053404e-01   5.53516539e-02   1.00801730e-01
    9.85639908e-02   1.40507069e-01   6.18049844e-02   1.24740871e-01
    1.70895281e-01   1.53523660e-01   1.00000000e+00   1.81912546e-01
    2.48609531e-01   1.59376828e-01   1.41409443e-01   1.69182935e-01
    2.28480549e-01   2.29549786e-01   1.93194098e-01   1.98007813e-01
    1.79764861e-01   1.60749198e-01   1.66845213e-01   2.23868084e-01]
 [  7.75808417e-02   7.14688663e-02   8.40500145e-02   1.21022024e-01
    9.08937811e-02   6.48392160e-02   6.71174699e-02   5.28674793e-02
    1.18487857e-01   8.91120467e-02   6.01377348e-02   1.23914223e-01
    7.65074425e-02   8.71126949e-02   1.81912546e-01   1.00000000e+00
    1.97689892e-01   1.73809977e-01   1.75853561e-01   2.01135434e-01
    2.04263584e-01   1.70738039e-01   1.99209537e-01   1.70033978e-01
    1.67537997e-01   1.64269549e-01   1.57095972e-01   1.73604576e-01]
 [  7.77268727e-02   5.48781146e-02   7.47994536e-02   1.43179097e-01
    1.13169727e-01   1.01671287e-01   1.03534000e-01   7.81879804e-02
    1.62110014e-01   9.60458383e-02   1.52465915e-01   1.14919856e-01
    1.39277477e-01   1.60667919e-01   2.48609531e-01   1.97689892e-01
    1.00000000e+00   2.02213016e-01   2.11123842e-01   2.16602101e-01
    2.28637422e-01   2.05005228e-01   2.17208317e-01   2.06215891e-01
    1.66482721e-01   1.78306968e-01   1.31082152e-01   2.15336550e-01]
 [  6.09681777e-02   1.60234769e-02   5.70233752e-02   1.00117509e-01
    8.41584704e-02   5.34804773e-02   1.40091670e-01   1.43299801e-01
    1.16563510e-01   1.00431995e-01   1.21246782e-01   1.00098419e-01
    1.40588616e-01   1.19070092e-01   1.59376828e-01   1.73809977e-01
    2.02213016e-01   1.00000000e+00   1.70048143e-01   2.00179610e-01
    2.50234522e-01   2.40478119e-01   2.62672531e-01   1.98636876e-01
    1.82421940e-01   2.15376762e-01   1.76985905e-01   2.38184274e-01]
 [  5.46942280e-02   8.30862823e-03   9.75032730e-02   9.85703722e-02
    9.42507149e-02   9.84254409e-02   8.20948866e-02   7.41165115e-02
    1.32779582e-01   1.01758937e-01   7.40277254e-02   9.26053040e-02
    1.05627445e-01   1.09266132e-01   1.41409443e-01   1.75853561e-01
    2.11123842e-01   1.70048143e-01   1.00000000e+00   1.83243674e-01
    2.57026320e-01   2.34373231e-01   2.50185934e-01   2.06254636e-01
    2.24886607e-01   2.02574107e-01   2.01083847e-01   2.68249063e-01]
 [  1.00833486e-01   6.92760775e-02   9.91343472e-02   8.99503341e-02
    9.15247484e-02   1.03836211e-01   5.03246465e-02   1.05123803e-01
    1.33739359e-01   5.87488940e-02   8.66788875e-02   1.01095003e-01
    1.02375836e-01   1.53994411e-01   1.69182935e-01   2.01135434e-01
    2.16602101e-01   2.00179610e-01   1.83243674e-01   1.00000000e+00
    3.18694273e-01   2.94299142e-01   2.83499380e-01   2.74796329e-01
    2.55878766e-01   2.53163319e-01   2.04196692e-01   2.77002066e-01]
 [  8.02507317e-02   2.72520878e-03   5.49270803e-02   9.95828148e-02
    9.17433014e-02   6.59135008e-02   7.12619530e-02   4.13349517e-02
    7.80109373e-02   8.80814850e-02   9.49187488e-02   1.22043135e-01
    9.76445158e-02   1.50118861e-01   2.28480549e-01   2.04263584e-01
    2.28637422e-01   2.50234522e-01   2.57026320e-01   3.18694273e-01
    1.00000000e+00   3.44718242e-01   3.50990818e-01   3.71371222e-01
    3.37736875e-01   3.57330790e-01   2.73137614e-01   3.86577574e-01]
 [  3.73956051e-02  -1.89296456e-02   5.62761340e-02   1.26761854e-01
    6.25070521e-02   9.97622515e-02   2.76138638e-02   8.30602335e-02
    7.12699172e-02   6.48183199e-02   4.76941898e-02   6.68495132e-02
    9.86899988e-02   1.27669578e-01   2.29549786e-01   1.70738039e-01
    2.05005228e-01   2.40478119e-01   2.34373231e-01   2.94299142e-01
    3.44718242e-01   1.00000000e+00   4.16306295e-01   4.23633666e-01
    4.41767122e-01   3.98943626e-01   3.55172709e-01   4.53294239e-01]
 [  5.31018152e-02   6.89490463e-02   7.40817137e-02   1.26754836e-01
    1.11432486e-01   6.23087685e-02   4.23424844e-02   8.95456854e-02
    8.95618026e-02   7.82306755e-02   7.50922364e-02   6.02016873e-02
    1.01093007e-01   1.44767433e-01   1.93194098e-01   1.99209537e-01
    2.17208317e-01   2.62672531e-01   2.50185934e-01   2.83499380e-01
    3.50990818e-01   4.16306295e-01   1.00000000e+00   4.73748418e-01
    4.73817498e-01   4.57508988e-01   3.92525538e-01   5.11178866e-01]
 [  4.87061804e-02   1.11252401e-01   4.77106829e-02   8.99777254e-02
    7.62223578e-02   8.29508921e-02   3.13400755e-02   9.70136065e-02
    7.83592345e-02   7.78751847e-02   2.46486538e-02   9.36180838e-02
    9.92414729e-02   1.26922658e-01   1.98007813e-01   1.70033978e-01
    2.06215891e-01   1.98636876e-01   2.06254636e-01   2.74796329e-01
    3.71371222e-01   4.23633666e-01   4.73748418e-01   1.00000000e+00
    5.68272700e-01   5.73092703e-01   4.98213759e-01   5.82731079e-01]
 [  1.11944694e-02   3.46508083e-02   7.37790465e-02   8.84596376e-02
    6.36337926e-02   5.85683965e-02   4.11139887e-02   7.87133740e-02
    3.47060578e-02   5.63737598e-02   4.53511578e-02   6.78492586e-02
    1.01891451e-01   1.59102807e-01   1.79764861e-01   1.67537997e-01
    1.66482721e-01   1.82421940e-01   2.24886607e-01   2.55878766e-01
    3.37736875e-01   4.41767122e-01   4.73817498e-01   5.68272700e-01
    1.00000000e+00   6.47914723e-01   6.20808306e-01   6.73169203e-01]
 [  1.26319401e-02   2.46777645e-02   5.22843001e-02   1.17074034e-01
    7.52915009e-02   9.30018236e-02   4.27205052e-02   9.37921093e-02
    8.79228557e-02   1.17469826e-01   6.50740090e-02   3.89110673e-02
    1.23964757e-01   1.57430650e-01   1.60749198e-01   1.64269549e-01
    1.78306968e-01   2.15376762e-01   2.02574107e-01   2.53163319e-01
    3.57330790e-01   3.98943626e-01   4.57508988e-01   5.73092703e-01
    6.47914723e-01   1.00000000e+00   7.33153622e-01   7.33601884e-01]
 [ -7.88851767e-04   4.56914035e-02   3.86728491e-02   1.06862269e-01
    6.61420888e-02   9.48385754e-02   4.30377098e-02   4.15058636e-02
    6.59331148e-02   4.08082705e-02   5.58488135e-02   5.11189704e-02
    1.19039857e-01   1.65863265e-01   1.66845213e-01   1.57095972e-01
    1.31082152e-01   1.76985905e-01   2.01083847e-01   2.04196692e-01
    2.73137614e-01   3.55172709e-01   3.92525538e-01   4.98213759e-01
    6.20808306e-01   7.33153622e-01   1.00000000e+00   7.28105895e-01]
 [  5.63100721e-02   4.67000886e-02   8.76018331e-02   1.19645252e-01
    1.02819192e-01   1.08220997e-01   6.84763740e-02   8.76710105e-02
    9.16325399e-02   8.99230212e-02   5.33500659e-02   6.58287151e-02
    1.14826493e-01   1.40821856e-01   2.23868084e-01   1.73604576e-01
    2.15336550e-01   2.38184274e-01   2.68249063e-01   2.77002066e-01
    3.86577574e-01   4.53294239e-01   5.11178866e-01   5.82731079e-01
    6.73169203e-01   7.33601884e-01   7.28105895e-01   1.00000000e+00]]

Signal-to-Noise ratio: 
[[ 15.52722354]]
