
Covariance Matrix: 
[[  3.56377312e-04   2.62412057e-05   1.70331557e-05   3.26295239e-05
    4.82369875e-05   5.31450148e-05   1.67790592e-05  -1.59201290e-06
    5.50092594e-05   5.34463780e-05   4.84475414e-05   3.23262156e-05
    7.21450632e-05   2.88679002e-05   9.98857848e-05   7.09569629e-05
    6.74683600e-05   8.56952502e-05   4.70622542e-05   1.06856209e-04
    9.82670913e-05   5.62345939e-05   5.33740373e-05   8.17621048e-05
   -2.68034915e-05  -4.66871655e-05  -2.43854618e-04   2.86441180e-04]
 [  2.62412057e-05   7.83067530e-04   8.69537787e-06   4.04241018e-06
    4.60340780e-05   4.70630815e-05  -1.54590092e-05   5.04483180e-05
    3.37624875e-05   5.25685872e-05   9.75113615e-05   4.83088081e-05
    4.55043790e-05   3.90959531e-05   9.67210160e-05   1.27824202e-04
    6.01191196e-05   1.95950482e-05  -1.07045679e-05   1.06778599e-04
   -2.30100206e-05  -8.78898119e-05   1.03740361e-04   3.28822225e-04
   -2.19515306e-05   8.03854343e-05   4.75762896e-04   4.70467278e-04]
 [  1.70331557e-05   8.69537787e-06   5.94979298e-04   3.66378668e-05
    6.54938394e-05   6.36227473e-05   2.26150459e-05   3.72911291e-05
    8.73906869e-06  -7.87231152e-06   6.07623288e-05   9.09897220e-05
    5.58580710e-05   2.05461835e-05   4.76552712e-05   8.46910748e-05
    7.02345678e-05   4.92010579e-05   1.22824739e-04   1.23830828e-04
    8.70164824e-05   8.27717192e-05   1.02062247e-04   5.22559449e-05
    1.80314195e-04   1.74970228e-04  -3.79286760e-06   4.87190701e-04]
 [  3.26295239e-05   4.04241018e-06   3.66378668e-05   9.77187756e-04
    7.97245677e-05   8.35964509e-05   4.88459577e-05   3.91070555e-05
    1.04961711e-04   2.38911569e-06   6.01667501e-05  -2.22377813e-05
    1.36801906e-04   5.59200142e-05   1.71846361e-04   1.43358855e-04
    2.20295608e-04   1.26218425e-04   1.61972622e-04   1.20284662e-04
    1.49859409e-04   2.30460438e-04   2.89862796e-04   2.17695934e-04
    2.95696109e-04   6.86816756e-04   8.52293034e-04   8.30476258e-04]
 [  4.82369875e-05   4.60340780e-05   6.54938394e-05   7.97245677e-05
    8.04028817e-04   7.04486903e-05  -1.26417767e-05   6.69294346e-05
    8.51154611e-05   7.83526549e-05   1.19742466e-04   1.04811094e-04
    1.18895207e-04   1.41480347e-04   1.39255858e-04   1.35243001e-04
    1.25952174e-04   1.17775943e-04   1.44570072e-04   9.56700521e-05
    1.29681026e-04   8.32813603e-05   2.11407195e-04   1.19855603e-04
    1.33984558e-04   1.87876357e-04   4.08792141e-04   6.72099517e-04]
 [  5.31450148e-05   4.70630815e-05   6.36227473e-05   8.35964509e-05
    7.04486903e-05   1.07203099e-03  -9.57881435e-07   1.82350172e-05
    5.29305131e-05   8.31426931e-06   9.56323525e-05   7.74522149e-05
    1.00024837e-04   1.25956664e-04   1.67060558e-04   7.03955038e-05
    1.24348420e-04   8.18948900e-05   1.97970779e-04   1.78831776e-04
    3.27251078e-05   1.79614274e-04   7.23172730e-05   2.57701429e-04
    2.00725998e-04   3.42621575e-04   7.76243862e-04   1.02200051e-03]
 [  1.67790592e-05  -1.54590092e-05   2.26150459e-05   4.88459577e-05
   -1.26417767e-05  -9.57881435e-07   8.68528379e-04   1.67545574e-04
    6.84788734e-05   6.59459349e-05   4.50637636e-05   8.88727505e-05
    1.43278033e-04   1.09141989e-04   4.27186310e-05   6.65371962e-05
    1.54180333e-04   2.04081457e-04   6.82134313e-05   8.87605457e-05
    2.65416325e-05  -1.18663938e-05   3.45628737e-05   1.12876985e-05
   -1.17540156e-05   3.59720436e-05  -2.75678030e-05   3.78599107e-04]
 [ -1.59201290e-06   5.04483180e-05   3.72911291e-05   3.91070555e-05
    6.69294346e-05   1.82350172e-05   1.67545574e-04   2.05401791e-03
    1.68058599e-04   1.23990403e-04   9.75969654e-05   2.97639819e-04
    3.17230536e-04   1.53302703e-04   2.16966095e-04   9.20685480e-05
    1.21254605e-04   3.15896517e-04   2.05916985e-04   1.58501664e-04
    5.91189452e-05   2.28137470e-04   2.07797763e-04   4.02390089e-04
    1.50674598e-04   5.59285302e-04  -4.36371507e-05   8.43964141e-04]
 [  5.50092594e-05   3.37624875e-05   8.73906869e-06   1.04961711e-04
    8.51154611e-05   5.29305131e-05   6.84788734e-05   1.68058599e-04
    1.05785547e-03   1.61744619e-04   7.73853907e-05   1.92993842e-04
    1.68229279e-04   5.87839421e-05   1.29858511e-04   1.77435405e-04
    2.65265984e-04   1.87582239e-04   2.34318575e-04   2.17404219e-04
    1.02054867e-04   1.57991382e-04   1.20460665e-04   2.08171481e-04
   -2.76740978e-05   4.28419488e-04   4.92386927e-04   6.37188415e-04]
 [  5.34463780e-05   5.25685872e-05  -7.87231152e-06   2.38911569e-06
    7.83526549e-05   8.31426931e-06   6.59459349e-05   1.23990403e-04
    1.61744619e-04   1.50202039e-03   2.23729609e-04   9.37673384e-05
    2.01041652e-04   1.34608370e-04   2.67012250e-04   2.05465374e-04
    1.80834073e-04   2.21306196e-04   1.81726731e-04   7.67326049e-05
    2.30130179e-04   2.18930098e-04   1.76633129e-04   2.12300583e-04
    1.41548280e-04   7.63359702e-04   1.08841601e-04   9.45549802e-04]
 [  4.84475414e-05   9.75113615e-05   6.07623288e-05   6.01667501e-05
    1.19742466e-04   9.56323525e-05   4.50637636e-05   9.75969654e-05
    7.73853907e-05   2.23729609e-04   1.80618635e-03   3.00123886e-04
    1.94174967e-04   1.05519442e-04   9.68651714e-05   1.56562761e-04
    2.91744893e-04   2.54149130e-04   1.30552242e-04   2.17958472e-04
    2.69889728e-04   8.47758514e-05   1.68985818e-04  -4.27365856e-05
    2.36100688e-04   2.53271690e-04   5.78906242e-04   4.68228892e-04]
 [  3.23262156e-05   4.83088081e-05   9.09897220e-05  -2.22377813e-05
    1.04811094e-04   7.74522149e-05   8.88727505e-05   2.97639819e-04
    1.92993842e-04   9.37673384e-05   3.00123886e-04   2.18951455e-03
    3.07338829e-04   2.55796994e-04   2.67216563e-04   2.56592843e-04
    2.13227984e-04   2.68860364e-04   1.79817786e-04   2.53598808e-04
    2.88913211e-04   2.95396498e-04   7.36789329e-05   3.52239690e-04
    2.23474309e-04  -3.34109898e-05   2.70551271e-04   6.62593844e-04]
 [  7.21450632e-05   4.55043790e-05   5.58580710e-05   1.36801906e-04
    1.18895207e-04   1.00024837e-04   1.43278033e-04   3.17230536e-04
    1.68229279e-04   2.01041652e-04   1.94174967e-04   3.07338829e-04
    1.91609289e-03   1.80106846e-04   3.59460677e-04   1.72880623e-04
    2.90186963e-04   3.54232423e-04   2.17745066e-04   2.36580159e-04
    2.94967957e-04   3.25453519e-04   2.40396055e-04   5.47411022e-04
    5.50271833e-04   9.77325979e-04   1.42450249e-03   1.66245184e-03]
 [  2.88679002e-05   3.90959531e-05   2.05461835e-05   5.59200142e-05
    1.41480347e-04   1.25956664e-04   1.09141989e-04   1.53302703e-04
    5.87839421e-05   1.34608370e-04   1.05519442e-04   2.55796994e-04
    1.80106846e-04   2.21909164e-03   2.83396028e-04   1.45332127e-04
    2.87315395e-04   2.79945284e-04   2.13638051e-04   3.64030992e-04
    3.59549049e-04   4.12446172e-04   4.58989868e-04   4.01072363e-04
    8.85119771e-04   9.56910225e-04   2.04854928e-03   1.75022373e-03]
 [  9.98857848e-05   9.67210160e-05   4.76552712e-05   1.71846361e-04
    1.39255858e-04   1.67060558e-04   4.27186310e-05   2.16966095e-04
    1.29858511e-04   2.67012250e-04   9.68651714e-05   2.67216563e-04
    3.59460677e-04   2.83396028e-04   2.51686945e-03   3.68121328e-04
    5.48707461e-04   3.94506065e-04   3.83698618e-04   4.18183920e-04
    6.58138743e-04   7.73847807e-04   7.19525426e-04   9.80903373e-04
    1.20908447e-03   1.62015662e-03   2.37467955e-03   4.24457532e-03]
 [  7.09569629e-05   1.27824202e-04   8.46910748e-05   1.43358855e-04
    1.35243001e-04   7.03955038e-05   6.65371962e-05   9.20685480e-05
    1.77435405e-04   2.05465374e-04   1.56562761e-04   2.56592843e-04
    1.72880623e-04   1.45332127e-04   3.68121328e-04   2.85531145e-03
    4.62614091e-04   4.16244820e-04   4.81728402e-04   5.90698044e-04
    6.01566365e-04   4.96509516e-04   6.32167910e-04   7.65784976e-04
    8.58935712e-04   1.60853767e-03   2.29319846e-03   2.70825255e-03]
 [  6.74683600e-05   6.01191196e-05   7.02345678e-05   2.20295608e-04
    1.25952174e-04   1.24348420e-04   1.54180333e-04   1.21254605e-04
    2.65265984e-04   1.80834073e-04   2.91744893e-04   2.13227984e-04
    2.90186963e-04   2.87315395e-04   5.48707461e-04   4.62614091e-04
    2.88525482e-03   5.02082122e-04   5.52712066e-04   5.59559754e-04
    6.68172926e-04   6.91580737e-04   7.77486597e-04   9.05286030e-04
    1.03346662e-03   1.50361452e-03   1.55242911e-03   3.59540352e-03]
 [  8.56952502e-05   1.95950482e-05   4.92010579e-05   1.26218425e-04
    1.17775943e-04   8.18948900e-05   2.04081457e-04   3.15896517e-04
    1.87582239e-04   2.21306196e-04   2.54149130e-04   2.68860364e-04
    3.54232423e-04   2.79945284e-04   3.94506065e-04   4.16244820e-04
    5.02082122e-04   3.54865129e-03   4.50511639e-04   5.55681234e-04
    9.27866886e-04   9.61300483e-04   1.24063175e-03   1.30943871e-03
    1.46611930e-03   3.16481449e-03   3.36662561e-03   6.01520017e-03]
 [  4.70622542e-05  -1.07045679e-05   1.22824739e-04   1.61972622e-04
    1.44570072e-04   1.97970779e-04   6.82134313e-05   2.05916985e-04
    2.34318575e-04   1.81726731e-04   1.30552242e-04   1.79817786e-04
    2.17745066e-04   2.13638051e-04   3.83698618e-04   4.81728402e-04
    5.52712066e-04   4.50511639e-04   4.11004229e-03   5.82558793e-04
    1.04199730e-03   1.19901356e-03   1.28981152e-03   1.43836196e-03
    2.22509993e-03   2.43315159e-03   4.78428751e-03   6.80328041e-03]
 [  1.06856209e-04   1.06778599e-04   1.23830828e-04   1.20284662e-04
    9.56700521e-05   1.78831776e-04   8.87605457e-05   1.58501664e-04
    2.17404219e-04   7.67326049e-05   2.17958472e-04   2.53598808e-04
    2.36580159e-04   3.64030992e-04   4.18183920e-04   5.90698044e-04
    5.59559754e-04   5.55681234e-04   5.82558793e-04   4.22339767e-03
    1.17086267e-03   1.25906395e-03   1.40680119e-03   1.60727608e-03
    1.91631996e-03   3.10625317e-03   3.59485895e-03   5.79874234e-03]
 [  9.82670913e-05  -2.30100206e-05   8.70164824e-05   1.49859409e-04
    1.29681026e-04   3.27251078e-05   2.65416325e-05   5.91189452e-05
    1.02054867e-04   2.30130179e-04   2.69889728e-04   2.88913211e-04
    2.94967957e-04   3.59549049e-04   6.58138743e-04   6.01566365e-04
    6.68172926e-04   9.27866886e-04   1.04199730e-03   1.17086267e-03
    5.27138979e-03   1.88284052e-03   1.98769573e-03   2.91353571e-03
    3.77911381e-03   6.04995801e-03   7.06883785e-03   1.14587224e-02]
 [  5.62345939e-05  -8.78898119e-05   8.27717192e-05   2.30460438e-04
    8.32813603e-05   1.79614274e-04  -1.18663938e-05   2.28137470e-04
    1.57991382e-04   2.18930098e-04   8.47758514e-05   2.95396498e-04
    3.25453519e-04   4.12446172e-04   7.73847807e-04   4.96509516e-04
    6.91580737e-04   9.61300483e-04   1.19901356e-03   1.25906395e-03
    1.88284052e-03   7.52260268e-03   3.08570094e-03   4.27784446e-03
    6.20036290e-03   8.01685701e-03   1.13611719e-02   1.77115832e-02]
 [  5.33740373e-05   1.03740361e-04   1.02062247e-04   2.89862796e-04
    2.11407195e-04   7.23172730e-05   3.45628737e-05   2.07797763e-04
    1.20460665e-04   1.76633129e-04   1.68985818e-04   7.36789329e-05
    2.40396055e-04   4.58989868e-04   7.19525426e-04   6.32167910e-04
    7.77486597e-04   1.24063175e-03   1.28981152e-03   1.40680119e-03
    1.98769573e-03   3.08570094e-03   9.93852563e-03   5.20900862e-03
    7.56498751e-03   1.10418172e-02   1.42037453e-02   2.15973435e-02]
 [  8.17621048e-05   3.28822225e-04   5.22559449e-05   2.17695934e-04
    1.19855603e-04   2.57701429e-04   1.12876985e-05   4.02390089e-04
    2.08171481e-04   2.12300583e-04  -4.27365856e-05   3.52239690e-04
    5.47411022e-04   4.01072363e-04   9.80903373e-04   7.65784976e-04
    9.05286030e-04   1.30943871e-03   1.43836196e-03   1.60727608e-03
    2.91353571e-03   4.27784446e-03   5.20900862e-03   1.62188705e-02
    1.19537554e-02   1.83534950e-02   2.49800485e-02   3.39591261e-02]
 [ -2.68034915e-05  -2.19515306e-05   1.80314195e-04   2.95696109e-04
    1.33984558e-04   2.00725998e-04  -1.17540156e-05   1.50674598e-04
   -2.76740978e-05   1.41548280e-04   2.36100688e-04   2.23474309e-04
    5.50271833e-04   8.85119771e-04   1.20908447e-03   8.58935712e-04
    1.03346662e-03   1.46611930e-03   2.22509993e-03   1.91631996e-03
    3.77911381e-03   6.20036290e-03   7.56498751e-03   1.19537554e-02
    3.18802056e-02   2.98880867e-02   4.40899027e-02   5.49035450e-02]
 [ -4.66871655e-05   8.03854343e-05   1.74970228e-04   6.86816756e-04
    1.87876357e-04   3.42621575e-04   3.59720436e-05   5.59285302e-04
    4.28419488e-04   7.63359702e-04   2.53271690e-04  -3.34109898e-05
    9.77325979e-04   9.56910225e-04   1.62015662e-03   1.60853767e-03
    1.50361452e-03   3.16481449e-03   2.43315159e-03   3.10625317e-03
    6.04995801e-03   8.01685701e-03   1.10418172e-02   1.83534950e-02
    2.98880867e-02   7.84344487e-02   8.34457679e-02   9.29905008e-02]
 [ -2.43854618e-04   4.75762896e-04  -3.79286760e-06   8.52293034e-04
    4.08792141e-04   7.76243862e-04  -2.75678030e-05  -4.36371507e-05
    4.92386927e-04   1.08841601e-04   5.78906242e-04   2.70551271e-04
    1.42450249e-03   2.04854928e-03   2.37467955e-03   2.29319846e-03
    1.55242911e-03   3.36662561e-03   4.78428751e-03   3.59485895e-03
    7.06883785e-03   1.13611719e-02   1.42037453e-02   2.49800485e-02
    4.40899027e-02   8.34457679e-02   1.77196728e-01   1.41832041e-01]
 [  2.86441180e-04   4.70467278e-04   4.87190701e-04   8.30476258e-04
    6.72099517e-04   1.02200051e-03   3.78599107e-04   8.43964141e-04
    6.37188415e-04   9.45549802e-04   4.68228892e-04   6.62593844e-04
    1.66245184e-03   1.75022373e-03   4.24457532e-03   2.70825255e-03
    3.59540352e-03   6.01520017e-03   6.80328041e-03   5.79874234e-03
    1.14587224e-02   1.77115832e-02   2.15973435e-02   3.39591261e-02
    5.49035450e-02   9.29905008e-02   1.41832041e-01   2.24822792e-01]]

Correlation Matrix: 
[[  1.00000000e+00   4.96740024e-02   3.69904117e-02   5.52925609e-02
    9.01133939e-02   8.59812663e-02   3.01592527e-02  -1.86075607e-03
    8.95916646e-02   7.30508615e-02   6.03858857e-02   3.65953515e-02
    8.73058438e-02   3.24617966e-02   1.05467419e-01   7.03417634e-02
    6.65354414e-02   7.62026482e-02   3.88861150e-02   8.70991171e-02
    7.16952712e-02   3.43450756e-02   2.83605109e-02   3.40084420e-02
   -7.95198933e-03  -8.83057655e-03  -3.06865533e-02   3.20007578e-02]
 [  4.96740024e-02   1.00000000e+00   1.27390759e-02   4.62116806e-03
    5.80154993e-02   5.13661577e-02  -1.87451984e-02   3.97781857e-02
    3.70955369e-02   4.84717594e-02   8.19925388e-02   3.68937497e-02
    3.71488440e-02   2.96581855e-02   6.88955065e-02   8.54843744e-02
    3.99964012e-02   1.17547951e-02  -5.96686741e-03   5.87156159e-02
   -1.13254335e-02  -3.62121962e-02   3.71866593e-02   9.22680310e-02
   -4.39343942e-03   1.02570939e-02   4.03890011e-02   3.54576253e-02]
 [  3.69904117e-02   1.27390759e-02   1.00000000e+00   4.80496516e-02
    9.46920931e-02   7.96632133e-02   3.14596973e-02   3.37328079e-02
    1.10154199e-02  -8.32747678e-03   5.86141140e-02   7.97200373e-02
    5.23150598e-02   1.78810335e-02   3.89430241e-02   6.49770475e-02
    5.36053208e-02   3.38603818e-02   7.85437762e-02   7.81172351e-02
    4.91346685e-02   3.91243365e-02   4.19713771e-02   1.68218778e-02
    4.14017246e-02   2.56129620e-02  -3.69393208e-04   4.21238342e-02]
 [  5.52925609e-02   4.62116806e-03   4.80496516e-02   1.00000000e+00
    8.99429975e-02   8.16761317e-02   5.30209633e-02   2.76034902e-02
    1.03235419e-01   1.97201520e-03   4.52883259e-02  -1.52029731e-02
    9.99757937e-02   3.79743759e-02   1.09577399e-01   8.58240041e-02
    1.31197253e-01   6.77800814e-02   8.08219748e-02   5.92093449e-02
    6.60286534e-02   8.50008584e-02   9.30127508e-02   5.46828330e-02
    5.29780592e-02   7.84509938e-02   6.47697292e-02   5.60296674e-02]
 [  9.01133939e-02   5.80154993e-02   9.46920931e-02   8.99429975e-02
    1.00000000e+00   7.58810698e-02  -1.51279576e-02   5.20809906e-02
    9.22910275e-02   7.12984348e-02   9.93644681e-02   7.89946224e-02
    9.57900194e-02   1.05918712e-01   9.78920274e-02   8.92590478e-02
    8.26947184e-02   6.97250958e-02   7.95278870e-02   5.19169554e-02
    6.29909367e-02   3.38631957e-02   7.47864600e-02   3.31903804e-02
    2.64641765e-02   2.36582654e-02   3.42482891e-02   4.99893636e-02]
 [  8.59812663e-02   5.13661577e-02   7.96632133e-02   8.16761317e-02
    7.58810698e-02   1.00000000e+00  -9.92695558e-04   1.22885430e-02
    4.97037624e-02   6.55212996e-03   6.87258136e-02   5.05540849e-02
    6.97904342e-02   8.16638518e-02   1.01704440e-01   4.02359729e-02
    7.07040858e-02   4.19876405e-02   9.43135896e-02   8.40446418e-02
    1.37662245e-02   6.32489201e-02   2.21552875e-02   6.18020460e-02
    3.43351854e-02   3.73643656e-02   5.63205204e-02   6.58305182e-02]
 [  3.01592527e-02  -1.87451984e-02   3.14596973e-02   5.30209633e-02
   -1.51279576e-02  -9.92695558e-04   1.00000000e+00   1.25440807e-01
    7.14416428e-02   5.77375178e-02   3.59794214e-02   6.44469987e-02
    1.11065538e-01   7.86162346e-02   2.88931556e-02   4.22518517e-02
    9.73968439e-02   1.16246498e-01   3.61039521e-02   4.63443685e-02
    1.24043228e-02  -4.64240140e-03   1.17640499e-02   3.00748238e-03
   -2.23374554e-03   4.35832568e-03  -2.22219569e-03   2.70936434e-02]
 [ -1.86075607e-03   3.97781857e-02   3.37328079e-02   2.76034902e-02
    5.20809906e-02   1.22885430e-02   1.25440807e-01   1.00000000e+00
    1.14010660e-01   7.05907903e-02   5.06702356e-02   1.40350835e-01
    1.59905938e-01   7.18058919e-02   9.54243951e-02   3.80174023e-02
    4.98085664e-02   1.17006789e-01   7.08707311e-02   5.38146753e-02
    1.79664387e-02   5.80377337e-02   4.59915211e-02   6.97163850e-02
    1.86199012e-02   4.40633863e-02  -2.28731735e-03   3.92736905e-02]
 [  8.95916646e-02   3.70955369e-02   1.10154199e-02   1.03235419e-01
    9.22910275e-02   4.97037624e-02   7.14416428e-02   1.14010660e-01
    1.00000000e+00   1.28315394e-01   5.59840784e-02   1.26810836e-01
    1.18162626e-01   3.83670069e-02   7.95842093e-02   1.02094036e-01
    1.51836543e-01   9.68159439e-02   1.12375181e-01   1.02854622e-01
    4.32173355e-02   5.60062079e-02   3.71510514e-02   5.02571389e-02
   -4.76540424e-03   4.70329940e-02   3.59637936e-02   4.13175475e-02]
 [  7.30508615e-02   4.84717594e-02  -8.32747678e-03   1.97201520e-03
    7.12984348e-02   6.55212996e-03   5.77375178e-02   7.05907903e-02
    1.28315394e-01   1.00000000e+00   1.35832680e-01   5.17058590e-02
    1.18505867e-01   7.37303905e-02   1.37329212e-01   9.92142344e-02
    8.68660878e-02   9.58570364e-02   7.31404716e-02   3.04656915e-02
    8.17848944e-02   6.51303624e-02   4.57165311e-02   4.30133205e-02
    2.04553129e-02   7.03295587e-02   6.67158711e-03   5.14548512e-02]
 [  6.03858857e-02   8.19925388e-02   5.86141140e-02   4.52883259e-02
    9.93644681e-02   6.87258136e-02   3.59794214e-02   5.06702356e-02
    5.59840784e-02   1.35832680e-01   1.00000000e+00   1.50919502e-01
    1.04376729e-01   5.27064285e-02   4.54313904e-02   6.89414557e-02
    1.27799718e-01   1.00386586e-01   4.79159287e-02   7.89153501e-02
    8.74666537e-02   2.29988870e-02   3.98848532e-02  -7.89602001e-03
    3.11139692e-02   2.12790359e-02   3.23592990e-02   2.32357536e-02]
 [  3.65953515e-02   3.68937497e-02   7.97200373e-02  -1.52029731e-02
    7.89946224e-02   5.05540849e-02   6.44469987e-02   1.40350835e-01
    1.26810836e-01   5.17058590e-02   1.50919502e-01   1.00000000e+00
    1.50049735e-01   1.16046995e-01   1.13830623e-01   1.02622804e-01
    8.48356118e-02   9.64542131e-02   5.99426010e-02   8.33954397e-02
    8.50415011e-02   7.27859178e-02   1.57945926e-02   5.91090622e-02
    2.67481117e-02  -2.54954100e-03   1.37356056e-02   2.98643668e-02]
 [  8.73058438e-02   3.71488440e-02   5.23150598e-02   9.99757937e-02
    9.57900194e-02   6.97904342e-02   1.11065538e-01   1.59905938e-01
    1.18162626e-01   1.18505867e-01   1.04376729e-01   1.50049735e-01
    1.00000000e+00   8.73442503e-02   1.63686463e-01   7.39113775e-02
    1.23417723e-01   1.35846473e-01   7.75919912e-02   8.31647049e-02
    9.28119708e-02   8.57228554e-02   5.50881358e-02   9.81962616e-02
    7.04058014e-02   7.97219181e-02   7.73084710e-02   8.00978070e-02]
 [  3.24617966e-02   2.96581855e-02   1.78810335e-02   3.79743759e-02
    1.05918712e-01   8.16638518e-02   7.86162346e-02   7.18058919e-02
    3.83670069e-02   7.37303905e-02   5.27064285e-02   1.16046995e-01
    8.73442503e-02   1.00000000e+00   1.19915630e-01   5.77360764e-02
    1.13547922e-01   9.97594106e-02   7.07404540e-02   1.18910376e-01
    1.05125472e-01   1.00947507e-01   9.77359860e-02   6.68536025e-02
    1.05233464e-01   7.25320833e-02   1.03307285e-01   7.83584396e-02]
 [  1.05467419e-01   6.88955065e-02   3.89430241e-02   1.09577399e-01
    9.78920274e-02   1.01704440e-01   2.88931556e-02   9.54243951e-02
    7.95842093e-02   1.37329212e-01   4.54313904e-02   1.13830623e-01
    1.63686463e-01   1.19915630e-01   1.00000000e+00   1.37320031e-01
    2.03619063e-01   1.32005394e-01   1.19298984e-01   1.28264359e-01
    1.80686018e-01   1.77844791e-01   1.43864891e-01   1.53527289e-01
    1.34978855e-01   1.15311662e-01   1.12446727e-01   1.78436515e-01]
 [  7.03417634e-02   8.54843744e-02   6.49770475e-02   8.58240041e-02
    8.92590478e-02   4.02359729e-02   4.22518517e-02   3.80174023e-02
    1.02094036e-01   9.92142344e-02   6.89414557e-02   1.02622804e-01
    7.39113775e-02   5.77360764e-02   1.37320031e-01   1.00000000e+00
    1.61175871e-01   1.30764674e-01   1.40621706e-01   1.70101366e-01
    1.55058021e-01   1.07131398e-01   1.18671033e-01   1.12530383e-01
    9.00271205e-02   1.07485794e-01   1.01949957e-01   1.06891273e-01]
 [  6.65354414e-02   3.99964012e-02   5.36053208e-02   1.31197253e-01
    8.26947184e-02   7.07040858e-02   9.73968439e-02   4.98085664e-02
    1.51836543e-01   8.68660878e-02   1.27799718e-01   8.48356118e-02
    1.23417723e-01   1.13547922e-01   2.03619063e-01   1.61175871e-01
    1.00000000e+00   1.56910139e-01   1.60503206e-01   1.60296262e-01
    1.71330318e-01   1.48445398e-01   1.45191049e-01   1.32337653e-01
    1.07756583e-01   9.99518870e-02   6.86581093e-02   1.41167715e-01]
 [  7.62026482e-02   1.17547951e-02   3.38603818e-02   6.77800814e-02
    6.97250958e-02   4.19876405e-02   1.16246498e-01   1.17006789e-01
    9.68159439e-02   9.58570364e-02   1.00386586e-01   9.64542131e-02
    1.35846473e-01   9.97594106e-02   1.32005394e-01   1.30764674e-01
    1.56910139e-01   1.00000000e+00   1.17964466e-01   1.43536740e-01
    2.14531687e-01   1.86055895e-01   2.08905679e-01   1.72600962e-01
    1.37840580e-01   1.89698183e-01   1.34256497e-01   2.12960105e-01]
 [  3.88861150e-02  -5.96686741e-03   7.85437762e-02   8.08219748e-02
    7.95278870e-02   9.43135896e-02   3.61039521e-02   7.08707311e-02
    1.12375181e-01   7.31404716e-02   4.79159287e-02   5.99426010e-02
    7.75919912e-02   7.07404540e-02   1.19298984e-01   1.40621706e-01
    1.60503206e-01   1.17964466e-01   1.00000000e+00   1.39825258e-01
    2.23862260e-01   2.15633824e-01   2.01809741e-01   1.76171130e-01
    1.94386374e-01   1.35516631e-01   1.77282667e-01   2.23807718e-01]
 [  8.70991171e-02   5.87156159e-02   7.81172351e-02   5.92093449e-02
    5.19169554e-02   8.40446418e-02   4.63443685e-02   5.38146753e-02
    1.02854622e-01   3.04656915e-02   7.89153501e-02   8.33954397e-02
    8.31647049e-02   1.18910376e-01   1.28264359e-01   1.70101366e-01
    1.60296262e-01   1.43536740e-01   1.39825258e-01   1.00000000e+00
    2.48148930e-01   2.23374060e-01   2.17140462e-01   1.94199984e-01
    1.65149202e-01   1.70668133e-01   1.31408367e-01   1.88183983e-01]
 [  7.16952712e-02  -1.13254335e-02   4.91346685e-02   6.60286534e-02
    6.29909367e-02   1.37662245e-02   1.24043228e-02   1.79664387e-02
    4.32173355e-02   8.17848944e-02   8.74666537e-02   8.50415011e-02
    9.28119708e-02   1.05125472e-01   1.80686018e-01   1.55058021e-01
    1.71330318e-01   2.14531687e-01   2.23862260e-01   2.48148930e-01
    1.00000000e+00   2.98997053e-01   2.74616329e-01   3.15099328e-01
    2.91518989e-01   2.97533843e-01   2.31290399e-01   3.32853759e-01]
 [  3.43450756e-02  -3.62121962e-02   3.91243365e-02   8.50008584e-02
    3.38631957e-02   6.32489201e-02  -4.64240140e-03   5.80377337e-02
    5.60062079e-02   6.51303624e-02   2.29988870e-02   7.27859178e-02
    8.57228554e-02   1.00947507e-01   1.77844791e-01   1.07131398e-01
    1.48445398e-01   1.86055895e-01   2.15633824e-01   2.23374060e-01
    2.98997053e-01   1.00000000e+00   3.56868971e-01   3.87284954e-01
    4.00380106e-01   3.30040055e-01   3.11179674e-01   4.30678461e-01]
 [  2.83605109e-02   3.71866593e-02   4.19713771e-02   9.30127508e-02
    7.47864600e-02   2.21552875e-02   1.17640499e-02   4.59915211e-02
    3.71510514e-02   4.57165311e-02   3.98848532e-02   1.57945926e-02
    5.50881358e-02   9.77359860e-02   1.43864891e-01   1.18671033e-01
    1.45191049e-01   2.08905679e-01   2.01809741e-01   2.17140462e-01
    2.74616329e-01   3.56868971e-01   1.00000000e+00   4.10283255e-01
    4.24997796e-01   3.95481477e-01   3.38465217e-01   4.56897926e-01]
 [  3.40084420e-02   9.22680310e-02   1.68218778e-02   5.46828330e-02
    3.31903804e-02   6.18020460e-02   3.00748238e-03   6.97163850e-02
    5.02571389e-02   4.30133205e-02  -7.89602001e-03   5.91090622e-02
    9.81962616e-02   6.68536025e-02   1.53527289e-01   1.12530383e-01
    1.32337653e-01   1.72600962e-01   1.76171130e-01   1.94199984e-01
    3.15099328e-01   3.87284954e-01   4.10283255e-01   1.00000000e+00
    5.25694587e-01   5.14582545e-01   4.65966961e-01   5.62375035e-01]
 [ -7.95198933e-03  -4.39343942e-03   4.14017246e-02   5.29780592e-02
    2.64641765e-02   3.43351854e-02  -2.23374554e-03   1.86199012e-02
   -4.76540424e-03   2.04553129e-02   3.11139692e-02   2.67481117e-02
    7.04058014e-02   1.05233464e-01   1.34978855e-01   9.00271205e-02
    1.07756583e-01   1.37840580e-01   1.94386374e-01   1.65149202e-01
    2.91518989e-01   4.00380106e-01   4.24997796e-01   5.25694587e-01
    1.00000000e+00   5.97701208e-01   5.86611718e-01   6.48514457e-01]
 [ -8.83057655e-03   1.02570939e-02   2.56129620e-02   7.84509938e-02
    2.36582654e-02   3.73643656e-02   4.35832568e-03   4.40633863e-02
    4.70329940e-02   7.03295587e-02   2.12790359e-02  -2.54954100e-03
    7.97219181e-02   7.25320833e-02   1.15311662e-01   1.07485794e-01
    9.99518870e-02   1.89698183e-01   1.35516631e-01   1.70668133e-01
    2.97533843e-01   3.30040055e-01   3.95481477e-01   5.14582545e-01
    5.97701208e-01   1.00000000e+00   7.07820346e-01   7.00269150e-01]
 [ -3.06865533e-02   4.03890011e-02  -3.69393208e-04   6.47697292e-02
    3.42482891e-02   5.63205204e-02  -2.22219569e-03  -2.28731735e-03
    3.59637936e-02   6.67158711e-03   3.23592990e-02   1.37356056e-02
    7.73084710e-02   1.03307285e-01   1.12446727e-01   1.01949957e-01
    6.86581093e-02   1.34256497e-01   1.77282667e-01   1.31408367e-01
    2.31290399e-01   3.11179674e-01   3.38465217e-01   4.65966961e-01
    5.86611718e-01   7.07820346e-01   1.00000000e+00   7.10601852e-01]
 [  3.20007578e-02   3.54576253e-02   4.21238342e-02   5.60296674e-02
    4.99893636e-02   6.58305182e-02   2.70936434e-02   3.92736905e-02
    4.13175475e-02   5.14548512e-02   2.32357536e-02   2.98643668e-02
    8.00978070e-02   7.83584396e-02   1.78436515e-01   1.06891273e-01
    1.41167715e-01   2.12960105e-01   2.23807718e-01   1.88183983e-01
    3.32853759e-01   4.30678461e-01   4.56897926e-01   5.62375035e-01
    6.48514457e-01   7.00269150e-01   7.10601852e-01   1.00000000e+00]]

Signal-to-Noise ratio: 
[[ 17.60293103]]
